<?xml version="1.0" encoding="UTF-8"?>
<testExecutions version="1">
  <file path="/Users/pavan/Bharatpe/Workspace/FunTime/card-fill/src/components/Form/tests/Form.test.js">
  </file>
  <file path="/Users/pavan/Bharatpe/Workspace/FunTime/card-fill/src/App/tests/App.test.js">
  </file>
</testExecutions>